\BOOKMARK [0][-]{chapter.1}{18/03/2014}{}% 1
\BOOKMARK [1][-]{section.1.1}{Esercizio 1}{chapter.1}% 2
\BOOKMARK [2][-]{subsection.1.1.1}{Modellizzazione}{section.1.1}% 3
\BOOKMARK [2][-]{subsection.1.1.2}{Problema in forma grafica}{section.1.1}% 4
\BOOKMARK [2][-]{subsection.1.1.3}{Forma standard}{section.1.1}% 5
\BOOKMARK [2][-]{subsection.1.1.4}{Risoluzione tramite tableau}{section.1.1}% 6
\BOOKMARK [2][-]{subsection.1.1.5}{Conclusione}{section.1.1}% 7
\BOOKMARK [1][-]{section.1.2}{Esercizio 2}{chapter.1}% 8
\BOOKMARK [2][-]{subsection.1.2.1}{Modellizzazione}{section.1.2}% 9
\BOOKMARK [2][-]{subsection.1.2.2}{Problema in forma grafica}{section.1.2}% 10
\BOOKMARK [2][-]{subsection.1.2.3}{Forma standard}{section.1.2}% 11
\BOOKMARK [2][-]{subsection.1.2.4}{Risoluzione tramite tableau}{section.1.2}% 12
\BOOKMARK [2][-]{subsection.1.2.5}{Conclusione}{section.1.2}% 13
\BOOKMARK [1][-]{section.1.3}{Esercizio 3}{chapter.1}% 14
\BOOKMARK [2][-]{subsection.1.3.1}{Modellizzazione}{section.1.3}% 15
\BOOKMARK [2][-]{subsection.1.3.2}{Problema in forma grafica}{section.1.3}% 16
\BOOKMARK [2][-]{subsection.1.3.3}{Forma standard}{section.1.3}% 17
\BOOKMARK [2][-]{subsection.1.3.4}{Risoluzione tramite tableau}{section.1.3}% 18
\BOOKMARK [2][-]{subsection.1.3.5}{Conclusione}{section.1.3}% 19
\BOOKMARK [0][-]{chapter.2}{31/03/2014}{}% 20
\BOOKMARK [1][-]{section.2.1}{Esercizio 1}{chapter.2}% 21
\BOOKMARK [2][-]{subsection.2.1.1}{Modellizzazione}{section.2.1}% 22
\BOOKMARK [2][-]{subsection.2.1.2}{Problema in forma grafica}{section.2.1}% 23
\BOOKMARK [2][-]{subsection.2.1.3}{Forma standard}{section.2.1}% 24
\BOOKMARK [2][-]{subsection.2.1.4}{Risoluzione tramite tableau}{section.2.1}% 25
\BOOKMARK [2][-]{subsection.2.1.5}{Soluzione del problema primale}{section.2.1}% 26
\BOOKMARK [2][-]{subsection.2.1.6}{Costruzione del problema duale}{section.2.1}% 27
\BOOKMARK [2][-]{subsection.2.1.7}{Soluzione del problema duale}{section.2.1}% 28
\BOOKMARK [1][-]{section.2.2}{Esercizio 2}{chapter.2}% 29
\BOOKMARK [2][-]{subsection.2.2.1}{Problema in forma grafica}{section.2.2}% 30
\BOOKMARK [2][-]{subsection.2.2.2}{Forma standard}{section.2.2}% 31
\BOOKMARK [2][-]{subsection.2.2.3}{Risoluzione tramite tableau}{section.2.2}% 32
\BOOKMARK [2][-]{subsection.2.2.4}{Soluzione del problema}{section.2.2}% 33
\BOOKMARK [2][-]{subsection.2.2.5}{Extra - Costruzione del problema duale}{section.2.2}% 34
\BOOKMARK [2][-]{subsection.2.2.6}{Extra - Soluzione del problema duale}{section.2.2}% 35
\BOOKMARK [1][-]{section.2.3}{Esercizio 3}{chapter.2}% 36
\BOOKMARK [2][-]{subsection.2.3.1}{Problema in forma grafica}{section.2.3}% 37
\BOOKMARK [2][-]{subsection.2.3.2}{Forma standard}{section.2.3}% 38
\BOOKMARK [2][-]{subsection.2.3.3}{Risoluzione tramite tableau}{section.2.3}% 39
\BOOKMARK [2][-]{subsection.2.3.4}{Soluzione del problema}{section.2.3}% 40
